
----2014-07-15 10:56:58----
(failed)<urlopen error [Errno 10060] >

----2014-07-15 11:30:21----
(failed)<urlopen error [Errno 10060] >

----2014-07-15 13:43:41----

----2014-07-15 14:38:33----

----2014-07-15 17:24:56----

----2014-07-15 18:04:05----
(failed)[Errno 9] Bad file descriptor
(failed)[Errno 9] Bad file descriptor
(failed)[Errno 9] Bad file descriptor

----2014-07-15 19:31:40----
(failed)<urlopen error [Errno 10060] >

----2014-07-15 20:55:41----
(failed)<urlopen error [Errno 10060] >
(failed)<urlopen error [Errno 10060] >

----2014-07-16 00:22:21----

----2014-07-16 00:22:44----

----2014-07-16 01:23:01----

----2014-07-16 01:26:41----

----2014-07-16 01:29:45----

----2014-07-16 01:30:21----

----2014-07-16 01:32:46----

----2014-07-16 01:59:26----

----2014-07-16 11:33:52----
(failed)[Errno 9] Bad file descriptor

----2014-07-16 11:38:07----

----2014-07-16 11:39:08----

----2014-07-16 11:37:45----

----2014-07-16 11:41:28----
(failed)global name 's' is not defined

----2014-07-16 11:41:33----
(failed)global name 's' is not defined

----2014-07-16 11:41:55----

----2014-07-16 11:46:58----

----2014-07-16 11:47:39----

----2014-07-16 11:47:43----

----2014-07-16 11:52:24----
(failed)403 Client Error: Forbidden

----2014-07-16 11:52:30----
(failed)403 Client Error: Forbidden

----2014-07-16 11:53:38----

----2014-07-16 11:53:46----

----2014-07-16 11:55:54----

----2014-07-16 11:55:59----

----2014-07-16 13:00:30----
